<?xml version="1.0" encoding="UTF-8"?>
<!-- Generated by org.testng.reporters.JUnitReportReporter -->
<testsuite skipped="0" hostname="FionaLobo" name="mytestpack.Test" tests="1" failures="0" timestamp="2020-07-18T21:28:28 IST" time="106.872" errors="0">
  <testcase name="searchBox" time="106.872" classname="mytestpack.Test"/>
  <system-out/>
</testsuite> <!-- mytestpack.Test -->
