<?xml version="1.0" encoding="UTF-8"?>
<!-- Generated by org.testng.reporters.JUnitReportReporter -->
<testsuite skipped="0" hostname="FionaLobo" name="mytestpack.AutoTest" tests="4" failures="0" timestamp="2020-07-19T17:04:27 IST" time="158.916" errors="0">
  <testcase name="searchBox" time="32.284" classname="mytestpack.AutoTest"/>
  <system-out/>
  <testcase name="registerTest" time="44.700" classname="mytestpack.AutoTest"/>
  <system-out/>
  <testcase name="loginVerify" time="39.253" classname="mytestpack.AutoTest"/>
  <system-out/>
  <testcase name="addcartTest" time="42.679" classname="mytestpack.AutoTest"/>
  <system-out/>
</testsuite> <!-- mytestpack.AutoTest -->
